Determining if the CL_VERSION_2_2 exist failed with the following output:
Change Dir: /home/tompi/MY_WORK_ZONE/Workspace/GitHubProject/DispatcherOpenCL/cmake-build-debug/CMakeFiles/CMakeTmp

Run Build Command:"/usr/bin/make" "cmTC_21a4a/fast"
/usr/bin/make -f CMakeFiles/cmTC_21a4a.dir/build.make CMakeFiles/cmTC_21a4a.dir/build
make[1]: Entering directory '/home/tompi/MY_WORK_ZONE/Workspace/GitHubProject/DispatcherOpenCL/cmake-build-debug/CMakeFiles/CMakeTmp'
Building C object CMakeFiles/cmTC_21a4a.dir/CheckSymbolExists.c.o
/usr/bin/cc    -o CMakeFiles/cmTC_21a4a.dir/CheckSymbolExists.c.o   -c /home/tompi/MY_WORK_ZONE/Workspace/GitHubProject/DispatcherOpenCL/cmake-build-debug/CMakeFiles/CMakeTmp/CheckSymbolExists.c
/home/tompi/MY_WORK_ZONE/Workspace/GitHubProject/DispatcherOpenCL/cmake-build-debug/CMakeFiles/CMakeTmp/CheckSymbolExists.c: In function ‘main’:
/home/tompi/MY_WORK_ZONE/Workspace/GitHubProject/DispatcherOpenCL/cmake-build-debug/CMakeFiles/CMakeTmp/CheckSymbolExists.c:8:19: error: ‘CL_VERSION_2_2’ undeclared (first use in this function)
   return ((int*)(&CL_VERSION_2_2))[argc];
                   ^
/home/tompi/MY_WORK_ZONE/Workspace/GitHubProject/DispatcherOpenCL/cmake-build-debug/CMakeFiles/CMakeTmp/CheckSymbolExists.c:8:19: note: each undeclared identifier is reported only once for each function it appears in
CMakeFiles/cmTC_21a4a.dir/build.make:65: recipe for target 'CMakeFiles/cmTC_21a4a.dir/CheckSymbolExists.c.o' failed
make[1]: *** [CMakeFiles/cmTC_21a4a.dir/CheckSymbolExists.c.o] Error 1
make[1]: Leaving directory '/home/tompi/MY_WORK_ZONE/Workspace/GitHubProject/DispatcherOpenCL/cmake-build-debug/CMakeFiles/CMakeTmp'
Makefile:126: recipe for target 'cmTC_21a4a/fast' failed
make: *** [cmTC_21a4a/fast] Error 2

File /home/tompi/MY_WORK_ZONE/Workspace/GitHubProject/DispatcherOpenCL/cmake-build-debug/CMakeFiles/CMakeTmp/CheckSymbolExists.c:
/* */
#include </usr/include/CL/cl.h>

int main(int argc, char** argv)
{
  (void)argv;
#ifndef CL_VERSION_2_2
  return ((int*)(&CL_VERSION_2_2))[argc];
#else
  (void)argc;
  return 0;
#endif
}

Determining if the CL_VERSION_2_1 exist failed with the following output:
Change Dir: /home/tompi/MY_WORK_ZONE/Workspace/GitHubProject/DispatcherOpenCL/cmake-build-debug/CMakeFiles/CMakeTmp

Run Build Command:"/usr/bin/make" "cmTC_7c841/fast"
/usr/bin/make -f CMakeFiles/cmTC_7c841.dir/build.make CMakeFiles/cmTC_7c841.dir/build
make[1]: Entering directory '/home/tompi/MY_WORK_ZONE/Workspace/GitHubProject/DispatcherOpenCL/cmake-build-debug/CMakeFiles/CMakeTmp'
Building C object CMakeFiles/cmTC_7c841.dir/CheckSymbolExists.c.o
/usr/bin/cc    -o CMakeFiles/cmTC_7c841.dir/CheckSymbolExists.c.o   -c /home/tompi/MY_WORK_ZONE/Workspace/GitHubProject/DispatcherOpenCL/cmake-build-debug/CMakeFiles/CMakeTmp/CheckSymbolExists.c
/home/tompi/MY_WORK_ZONE/Workspace/GitHubProject/DispatcherOpenCL/cmake-build-debug/CMakeFiles/CMakeTmp/CheckSymbolExists.c: In function ‘main’:
/home/tompi/MY_WORK_ZONE/Workspace/GitHubProject/DispatcherOpenCL/cmake-build-debug/CMakeFiles/CMakeTmp/CheckSymbolExists.c:8:19: error: ‘CL_VERSION_2_1’ undeclared (first use in this function)
   return ((int*)(&CL_VERSION_2_1))[argc];
                   ^
/home/tompi/MY_WORK_ZONE/Workspace/GitHubProject/DispatcherOpenCL/cmake-build-debug/CMakeFiles/CMakeTmp/CheckSymbolExists.c:8:19: note: each undeclared identifier is reported only once for each function it appears in
CMakeFiles/cmTC_7c841.dir/build.make:65: recipe for target 'CMakeFiles/cmTC_7c841.dir/CheckSymbolExists.c.o' failed
make[1]: *** [CMakeFiles/cmTC_7c841.dir/CheckSymbolExists.c.o] Error 1
make[1]: Leaving directory '/home/tompi/MY_WORK_ZONE/Workspace/GitHubProject/DispatcherOpenCL/cmake-build-debug/CMakeFiles/CMakeTmp'
Makefile:126: recipe for target 'cmTC_7c841/fast' failed
make: *** [cmTC_7c841/fast] Error 2

File /home/tompi/MY_WORK_ZONE/Workspace/GitHubProject/DispatcherOpenCL/cmake-build-debug/CMakeFiles/CMakeTmp/CheckSymbolExists.c:
/* */
#include </usr/include/CL/cl.h>

int main(int argc, char** argv)
{
  (void)argv;
#ifndef CL_VERSION_2_1
  return ((int*)(&CL_VERSION_2_1))[argc];
#else
  (void)argc;
  return 0;
#endif
}

