Determining if the pthread_create exist failed with the following output:
Change Dir: /home/gurumurt/Phd/HeroDB/SQL_flow/db-engine-paradigms/CMakeFiles/CMakeTmp

Run Build Command:"/usr/bin/make" "cmTC_504a8/fast"
/usr/bin/make -f CMakeFiles/cmTC_504a8.dir/build.make CMakeFiles/cmTC_504a8.dir/build
make[1]: Entering directory '/home/gurumurt/Phd/HeroDB/SQL_flow/db-engine-paradigms/CMakeFiles/CMakeTmp'
Building C object CMakeFiles/cmTC_504a8.dir/CheckSymbolExists.c.o
/usr/bin/gcc    -o CMakeFiles/cmTC_504a8.dir/CheckSymbolExists.c.o   -c /home/gurumurt/Phd/HeroDB/SQL_flow/db-engine-paradigms/CMakeFiles/CMakeTmp/CheckSymbolExists.c
Linking C executable cmTC_504a8
/home/gurumurt/clion-2017.3.2/bin/cmake/bin/cmake -E cmake_link_script CMakeFiles/cmTC_504a8.dir/link.txt --verbose=1
/usr/bin/gcc      -rdynamic CMakeFiles/cmTC_504a8.dir/CheckSymbolExists.c.o  -o cmTC_504a8 
CMakeFiles/cmTC_504a8.dir/CheckSymbolExists.c.o: In function `main':
CheckSymbolExists.c:(.text+0x16): undefined reference to `pthread_create'
collect2: error: ld returned 1 exit status
CMakeFiles/cmTC_504a8.dir/build.make:97: recipe for target 'cmTC_504a8' failed
make[1]: *** [cmTC_504a8] Error 1
make[1]: Leaving directory '/home/gurumurt/Phd/HeroDB/SQL_flow/db-engine-paradigms/CMakeFiles/CMakeTmp'
Makefile:126: recipe for target 'cmTC_504a8/fast' failed
make: *** [cmTC_504a8/fast] Error 2

File /home/gurumurt/Phd/HeroDB/SQL_flow/db-engine-paradigms/CMakeFiles/CMakeTmp/CheckSymbolExists.c:
/* */
#include <pthread.h>

int main(int argc, char** argv)
{
  (void)argv;
#ifndef pthread_create
  return ((int*)(&pthread_create))[argc];
#else
  (void)argc;
  return 0;
#endif
}

